[5.000] client1.local: Sending sync request (local_time=7.500, offset=2.500)
[5.000] client2.local: Sending sync request (local_time=3.200, offset=-1.800)
[5.101] time.example.com (stratum 1): Responding to request (t2=5.100, t3=5.101)
[5.201] client1.local: Received response (offset=-2.500, delay=0.200)
[5.201] client1.local: Clock adjusted, new offset from true time: 5.000
[5.202] time.example.com (stratum 1): Responding to request (t2=5.201, t3=5.202)
[5.302] client2.local: Received response (offset=1.850, delay=0.301)
[5.302] client2.local: Clock adjusted, new offset from true time: -3.651
[7.000] client3.local: Sending sync request (local_time=7.500, offset=0.500)
[7.101] time.example.com (stratum 1): Responding to request (t2=7.100, t3=7.101)
[7.201] client3.local: Received response (offset=-0.500, delay=0.200)
[7.201] client3.local: Clock adjusted, new offset from true time: 1.000
[10.201] client1.local: Sending sync request (local_time=15.201, offset=5.000)
[10.302] client2.local: Sending sync request (local_time=6.651, offset=-3.651)
[10.302] time.example.com (stratum 1): Responding to request (t2=10.301, t3=10.302)
[10.402] client1.local: Received response (offset=-5.000, delay=0.200)
[10.402] client1.local: Clock adjusted, new offset from true time: 10.000
[10.403] time.example.com (stratum 1): Responding to request (t2=10.402, t3=10.403)
[10.503] client2.local: Received response (offset=3.651, delay=0.200)
[10.503] client2.local: Clock adjusted, new offset from true time: -7.301
[14.201] client3.local: Sending sync request (local_time=15.201, offset=1.000)
[14.302] time.example.com (stratum 1): Responding to request (t2=14.301, t3=14.302)
[14.402] client3.local: Received response (offset=-1.000, delay=0.200)
[14.402] client3.local: Clock adjusted, new offset from true time: 2.000
[15.402] client1.local: Sending sync request (local_time=25.402, offset=10.000)
[15.503] client2.local: Sending sync request (local_time=8.202, offset=-7.301)
[15.503] time.example.com (stratum 1): Responding to request (t2=15.502, t3=15.503)
[15.603] client1.local: Received response (offset=-10.000, delay=0.200)
[15.603] client1.local: Clock adjusted, new offset from true time: 20.000
[15.604] time.example.com (stratum 1): Responding to request (t2=15.603, t3=15.604)
[15.704] client2.local: Received response (offset=7.301, delay=0.200)
[15.704] client2.local: Clock adjusted, new offset from true time: -14.602
[20.603] client1.local: Sending sync request (local_time=40.603, offset=20.000)
[20.704] client2.local: Sending sync request (local_time=6.102, offset=-14.602)
[20.704] time.example.com (stratum 1): Responding to request (t2=20.703, t3=20.704)
[20.804] client1.local: Received response (offset=-20.000, delay=0.200)
[20.804] client1.local: Clock adjusted, new offset from true time: 40.000
[20.805] time.example.com (stratum 1): Responding to request (t2=20.804, t3=20.805)
[20.905] client2.local: Received response (offset=14.602, delay=0.200)
[20.905] client2.local: Clock adjusted, new offset from true time: -29.204
[21.402] client3.local: Sending sync request (local_time=23.402, offset=2.000)
[21.503] time.example.com (stratum 1): Responding to request (t2=21.502, t3=21.503)
[21.603] client3.local: Received response (offset=-2.000, delay=0.200)
[21.603] client3.local: Clock adjusted, new offset from true time: 4.000

=== NTP Synchronization Statistics ===
Server requests served: 11

client1.local:
  Syncs performed: 4
  Final clock offset: 40.000000s
  Average correction: 9.375000s

client2.local:
  Syncs performed: 4
  Final clock offset: -29.204000s
  Average correction: 6.851000s

client3.local:
  Syncs performed: 3
  Final clock offset: 4.000000s
  Average correction: 1.166667s
