[0.0] Authorization Server started
[0.0] Resource Server started
[0.0] Registered client: photo_app
[0.0] Client 'photo_app' started
[0.0] Client: Requesting authorization for ['profile', 'photos']
[0.0] AuthServer: Received AuthRequest(client=photo_app, scope=['profile', 'photos'])
[0.5] AuthServer: User authenticated, showing consent
[0.8] AuthServer: User granted permissions: ['profile', 'photos']
[0.8] AuthServer: Issued authorization code
[0.8] Client: Received authorization code
[0.8] Client: Exchanging code for token
[0.8] AuthServer: Received TokenRequest(client=photo_app)
[0.8] AuthServer: Issued access token
[0.8] Client: Got access token!
[1.3] Client: Accessing /api/profile
[1.3] ResourceServer: Received ResourceRequest(path=/api/profile)
[1.3] ResourceServer: Returning /api/profile
[1.3] Client: Success! Data: {'name': 'Alice', 'email': 'alice@example.com'}
[1.8] Client: Accessing /api/photos
[1.8] ResourceServer: Received ResourceRequest(path=/api/photos)
[1.8] ResourceServer: Returning /api/photos
[1.8] Client: Success! Data: {'photos': ['photo1.jpg', 'photo2.jpg', 'photo3.jpg']}
[2.3] Client: Accessing /api/messages
[2.3] ResourceServer: Received ResourceRequest(path=/api/messages)
[2.3] ResourceServer: Insufficient scope
[2.3] Client: Failed - insufficient_scope
