[0.0] Starting MapReduce job
[0.0] Worker 3: Starting MapTask(map_0) with 2 records
[0.0] Worker 2: Starting MapTask(map_3) with 3 records
[0.2] Worker 3: Completed MapTask(map_0), produced 6 pairs
[0.2] Worker 3: Starting MapTask(map_1) with 2 records
[0.3] Worker 2: Completed MapTask(map_3), produced 10 pairs
[0.4] Worker 3: Completed MapTask(map_1), produced 7 pairs
[0.4] Worker 3: Starting MapTask(map_2) with 2 records
[0.6] Worker 3: Completed MapTask(map_2), produced 7 pairs

[1.0] Map phase complete, starting reduce phase
[1.0] Worker 1: Starting ReduceTask(reduce_0, partition=0)
[1.0] Worker 0: Starting ReduceTask(reduce_1, partition=1)
[1.1] Worker 1: Processing 1 keys
[1.1] Worker 0: Processing 2 keys
[1.2] Worker 1: Completed ReduceTask(reduce_0, partition=0), produced 1 results
[1.3] Worker 0: Completed ReduceTask(reduce_1, partition=1), produced 2 results

[1.5] MapReduce job complete in 1.5s
Total results: 3

=== Final Results ===
goodbye: 9
hello: 12
world: 9

Failed tasks: 0
